<?xml version="1.0" encoding="UTF-8"?>
<!-- Generated by org.testng.reporters.JUnitXMLReporter -->
<testsuite ignored="0" hostname="LAPTOP-UTG85DKA" failures="1" tests="1" name="Login Test" time="0.092" errors="0" timestamp="21 Apr 2022 08:30:23 GMT">
  <testcase classname="testCases.LoginTest" name="goToLogin" time="0.055">
    <failure type="org.testng.internal.reflect.MethodMatcherException" message="
Data provider mismatch
Method: goToLogin([Parameter{index=0, type=java.lang.String, declaredAnnotations=[]}, Parameter{index=1, type=java.lang.String, declaredAnnotations=[]}])
Arguments: [(java.util.Hashtable) {password=rishad077, email=mohamed.risharrd@gmail.com}]">
      <![CDATA[org.testng.internal.reflect.MethodMatcherException: 
Data provider mismatch
Method: goToLogin([Parameter{index=0, type=java.lang.String, declaredAnnotations=[]}, Parameter{index=1, type=java.lang.String, declaredAnnotations=[]}])
Arguments: [(java.util.Hashtable) {password=rishad077, email=mohamed.risharrd@gmail.com}]
... Removed 20 stack frames]]>
    </failure>
  </testcase> <!-- goToLogin -->
</testsuite> <!-- Login Test -->
